[
  {"timestep": 0, "event": "start"},
  {"timestep": 75, "block": 0, "event": "division", "cell": 8, "childA": 8, "typeA": 9, "childB": 12, "typeB": 9},
  {"timestep": 100, "block": 0, "event": "division", "cell": 11, "childA": 11, "typeA": 9, "childB": 13, "typeB": 9},
  {"timestep": 131, "block": 0, "event": "division", "cell": 8, "childA": 8, "typeA": 9, "childB": 14, "typeB": 9},
  {"timestep": 139, "block": 0, "event": "division", "cell": 9, "childA": 9, "typeA": 9, "childB": 15, "typeB": 9},
  {"timestep": 182, "block": 0, "event": "division", "cell": 9, "childA": 9, "typeA": 9, "childB": 16, "typeB": 9},
  {"timestep": 188, "block": 0, "event": "division", "cell": 8, "childA": 8, "typeA": 9, "childB": 17, "typeB": 9},
  {"timestep": 188, "block": 0, "event": "division", "cell": 14, "childA": 14, "typeA": 9, "childB": 18, "typeB": 9},
  {"timestep": 198, "block": 0, "event": "division", "cell": 13, "childA": 13, "typeA": 9, "childB": 19, "typeB": 9},
  {"timestep": 199, "block": 0, "event": "division", "cell": 12, "childA": 12, "typeA": 9, "childB": 20, "typeB": 9},
  {"timestep": 241, "block": 0, "event": "division", "cell": 19, "childA": 19, "typeA": 9, "childB": 21, "typeB": 9},
  {"timestep": 243, "block": 0, "event": "division", "cell": 12, "childA": 12, "typeA": 9, "childB": 22, "typeB": 9},
  {"timestep": 243, "block": 0, "event": "division", "cell": 14, "childA": 14, "typeA": 9, "childB": 23, "typeB": 9},
  {"timestep": 253, "block": 0, "event": "division", "cell": 18, "childA": 18, "typeA": 9, "childB": 24, "typeB": 9},
  {"timestep": 253, "block": 0, "event": "division", "cell": 17, "childA": 17, "typeA": 9, "childB": 25, "typeB": 9},
  {"timestep": 264, "block": 0, "event": "division", "cell": 9, "childA": 9, "typeA": 9, "childB": 26, "typeB": 9},
  {"timestep": 304, "block": 0, "event": "division", "cell": 12, "childA": 12, "typeA": 9, "childB": 27, "typeB": 9},
  {"timestep": 305, "block": 0, "event": "division", "cell": 22, "childA": 22, "typeA": 9, "childB": 28, "typeB": 9},
  {"timestep": 314, "block": 0, "event": "division", "cell": 18, "childA": 18, "typeA": 9, "childB": 29, "typeB": 9},
  {"timestep": 323, "block": 0, "event": "division", "cell": 9, "childA": 9, "typeA": 9, "childB": 30, "typeB": 9},
  {"timestep": 328, "block": 0, "event": "division", "cell": 24, "childA": 24, "typeA": 9, "childB": 31, "typeB": 9},
  {"timestep": 338, "block": 0, "event": "division", "cell": 11, "childA": 11, "typeA": 9, "childB": 32, "typeB": 9},
  {"timestep": 342, "block": 0, "event": "division", "cell": 27, "childA": 27, "typeA": 9, "childB": 33, "typeB": 9},
  {"timestep": 347, "block": 0, "event": "division", "cell": 17, "childA": 17, "typeA": 9, "childB": 34, "typeB": 9},
  {"timestep": 350, "block": 0, "event": "division", "cell": 26, "childA": 26, "typeA": 9, "childB": 35, "typeB": 9},
  {"timestep": 353, "block": 0, "event": "division", "cell": 23, "childA": 23, "typeA": 9, "childB": 36, "typeB": 9},
  {"timestep": 359, "block": 0, "event": "division", "cell": 20, "childA": 20, "typeA": 9, "childB": 37, "typeB": 9},
  {"timestep": 372, "block": 0, "event": "division", "cell": 28, "childA": 28, "typeA": 9, "childB": 38, "typeB": 9},
  {"timestep": 375, "block": 0, "event": "division", "cell": 9, "childA": 9, "typeA": 9, "childB": 39, "typeB": 9},
  {"timestep": 385, "block": 0, "event": "division", "cell": 15, "childA": 15, "typeA": 9, "childB": 40, "typeB": 9},
  {"timestep": 387, "block": 0, "event": "division", "cell": 19, "childA": 19, "typeA": 9, "childB": 41, "typeB": 9},
  {"timestep": 411, "block": 0, "event": "division", "cell": 18, "childA": 18, "typeA": 9, "childB": 42, "typeB": 9},
  {"timestep": 415, "block": 0, "event": "division", "cell": 9, "childA": 9, "typeA": 9, "childB": 43, "typeB": 9},
  {"timestep": 417, "block": 0, "event": "division", "cell": 39, "childA": 39, "typeA": 9, "childB": 44, "typeB": 9},
  {"timestep": 418, "block": 0, "event": "division", "cell": 19, "childA": 19, "typeA": 9, "childB": 45, "typeB": 9},
  {"timestep": 419, "block": 0, "event": "division", "cell": 34, "childA": 34, "typeA": 9, "childB": 46, "typeB": 9},
  {"timestep": 419, "block": 0, "event": "division", "cell": 8, "childA": 8, "typeA": 9, "childB": 47, "typeB": 9},
  {"timestep": 427, "block": 0, "event": "division", "cell": 15, "childA": 15, "typeA": 9, "childB": 48, "typeB": 9},
  {"timestep": 429, "block": 0, "event": "division", "cell": 33, "childA": 33, "typeA": 9, "childB": 49, "typeB": 9},
  {"timestep": 434, "block": 0, "event": "division", "cell": 23, "childA": 23, "typeA": 9, "childB": 50, "typeB": 9},
  {"timestep": 436, "block": 0, "event": "division", "cell": 29, "childA": 29, "typeA": 9, "childB": 51, "typeB": 9},
  {"timestep": 439, "block": 0, "event": "division", "cell": 17, "childA": 17, "typeA": 9, "childB": 52, "typeB": 9},
  {"timestep": 458, "block": 0, "event": "division", "cell": 14, "childA": 14, "typeA": 9, "childB": 53, "typeB": 9},
  {"timestep": 459, "block": 0, "event": "division", "cell": 32, "childA": 32, "typeA": 9, "childB": 54, "typeB": 9},
  {"timestep": 462, "block": 0, "event": "division", "cell": 9, "childA": 9, "typeA": 9, "childB": 55, "typeB": 9},
  {"timestep": 472, "block": 0, "event": "division", "cell": 19, "childA": 19, "typeA": 9, "childB": 56, "typeB": 9},
  {"timestep": 475, "block": 0, "event": "division", "cell": 8, "childA": 8, "typeA": 9, "childB": 57, "typeB": 9},
  {"timestep": 476, "block": 0, "event": "division", "cell": 28, "childA": 28, "typeA": 9, "childB": 58, "typeB": 9},
  {"timestep": 476, "block": 0, "event": "division", "cell": 49, "childA": 49, "typeA": 9, "childB": 59, "typeB": 9},
  {"timestep": 480, "block": 0, "event": "division", "cell": 23, "childA": 23, "typeA": 9, "childB": 60, "typeB": 9},
  {"timestep": 482, "block": 0, "event": "division", "cell": 27, "childA": 27, "typeA": 9, "childB": 61, "typeB": 9},
  {"timestep": 486, "block": 0, "event": "division", "cell": 35, "childA": 35, "typeA": 9, "childB": 62, "typeB": 9},
  {"timestep": 491, "block": 0, "event": "division", "cell": 52, "childA": 52, "typeA": 9, "childB": 63, "typeB": 9}
]
